2026.01.06 20:13:36 INFO  Started: Metals version 1.6.4 in folders 'C:\Users\Jacob\Downloads\progfun1-example' for client Visual Studio Code 1.107.1.
2026.01.06 20:13:36 WARN  Using H2 2.4.240 which is newer than the version Flyway has been verified with. The latest verified version of H2 is 2.3.232.
2026.01.06 20:13:36 INFO  no build target found for C:\Users\Jacob\Downloads\progfun1-example\example\build.sbt. Using presentation compiler with project's scala-library version: 3.3.6
2026.01.06 20:13:38 INFO  no build target found for C:\Users\Jacob\Downloads\progfun1-example\example\build.sbt. Using presentation compiler with project's scala-library version: 3.3.6
2026.01.06 20:13:39 WARN  Could not find semantic tokens for: file:///C:/Users/Jacob/Downloads/progfun1-example/example/build.sbt
2026.01.06 20:13:43 INFO  running 'C:\Users\Jacob\AppData\Local\Coursier\cache\arc\https\github.com\AdoptOpenJDK\openjdk11-binaries\releases\download\jdk-11.0.11%252B9\OpenJDK11U-jdk_x64_windows_hotspot_11.0.11_9.zip\jdk-11.0.11+9\bin\java.exe -Djline.terminal=jline.UnsupportedTerminal -Dsbt.log.noformat=true -Dfile.encoding=UTF-8 -jar C:\Users\Jacob\AppData\Local\Temp\metals8597553525735348218\sbt-launch.jar -Dbloop.export-jar-classifiers=sources bloopInstall'
2026.01.06 20:13:43 INFO  no build target found for C:\Users\Jacob\Downloads\progfun1-example\example\build.sbt. Using presentation compiler with project's scala-library version: 3.3.6
2026.01.06 20:13:43 ERROR [info] [launcher] getting org.scala-sbt sbt 1.8.2  (this may take some time)...
2026.01.06 20:13:47 ERROR [info] [launcher] getting Scala 2.12.17 (for sbt)...
2026.01.06 20:13:51 INFO  [info] welcome to sbt 1.8.2 (AdoptOpenJDK Java 11.0.11)
2026.01.06 20:13:52 INFO  [info] loading settings for project example-build-build-build from metals.sbt ...
2026.01.06 20:13:52 INFO  [info] loading project definition from C:\Users\Jacob\Downloads\progfun1-example\example\project\project\project
2026.01.06 20:13:54 INFO  [info] loading settings for project example-build-build from metals.sbt ...
2026.01.06 20:13:54 INFO  [info] loading project definition from C:\Users\Jacob\Downloads\progfun1-example\example\project\project
2026.01.06 20:13:58 INFO  [success] Generated .bloop\example-build-build.json
2026.01.06 20:13:58 INFO  [success] Total time: 3 s, completed Jan 6, 2026, 8:13:58 PM
2026.01.06 20:13:58 INFO  [info] loading settings for project example-build from buildSettings.sbt,metals.sbt,plugins.sbt ...
2026.01.06 20:13:58 INFO  [info] loading project definition from C:\Users\Jacob\Downloads\progfun1-example\example\project
2026.01.06 20:14:01 INFO  [success] Generated .bloop\example-build.json
2026.01.06 20:14:01 INFO  [info] compiling 3 Scala sources to C:\Users\Jacob\Downloads\progfun1-example\example\project\target\scala-2.12\sbt-1.0\classes ...
2026.01.06 20:14:01 INFO  [info] Non-compiled module 'compiler-bridge_2.12' for Scala 2.12.17. Compiling...
2026.01.06 20:14:08 INFO  [info]   Compilation completed in 6.094s.
2026.01.06 20:14:10 INFO  [info] done compiling
2026.01.06 20:14:10 INFO  [success] Total time: 12 s, completed Jan 6, 2026, 8:14:11 PM
2026.01.06 20:14:12 INFO  [info] loading settings for project example from assignment.sbt,build.sbt ...
2026.01.06 20:14:12 INFO  [info] set current project to progfun1-example (in build file:/C:/Users/Jacob/Downloads/progfun1-example/example/)
2026.01.06 20:14:14 INFO  [success] Generated .bloop\example-test.json
2026.01.06 20:14:14 INFO  [success] Generated .bloop\example.json
2026.01.06 20:14:14 INFO  [success] Total time: 2 s, completed Jan 6, 2026, 8:14:14 PM
2026.01.06 20:14:14 INFO  time: ran 'sbt bloopInstall' in 31s
2026.01.06 20:14:14 INFO  Attempting to connect to the build server...
2026.01.06 20:14:14 INFO  no build target found for C:\Users\Jacob\Downloads\progfun1-example\example\build.sbt. Using presentation compiler with project's scala-library version: 3.3.6
2026.01.06 20:14:14 INFO  Found a Bloop server running
2026.01.06 20:14:14 INFO  tracing is disabled for protocol BSP, to enable tracing of incoming and outgoing JSON messages create an empty file at C:\Users\Jacob\Downloads\progfun1-example\.metals\bsp.trace.json or C:\Users\Jacob\AppData\Local\scalameta\metals\cache\bsp.trace.json
2026.01.06 20:14:14 INFO  time: Connected to build server in 0.3s
2026.01.06 20:14:14 INFO  Connected to Build server: Bloop v2.0.17
2026.01.06 20:14:14 WARN  3.3.0 is no longer supported in the current Metals versions, using the last known supported version 1.2.2
2026.01.06 20:14:20 WARN  Using H2 2.4.240 which is newer than the version Flyway has been verified with. The latest verified version of H2 is 2.3.232.
2026.01.06 20:14:22 INFO  time: indexed workspace in 7.2s
2026.01.06 20:14:22 WARN  no build target for: C:\Users\Jacob\Downloads\progfun1-example\example\build.sbt
2026.01.06 20:14:22 INFO  no build target found for C:\Users\Jacob\Downloads\progfun1-example\example\build.sbt. Using presentation compiler with project's scala-library version: 3.3.6
2026.01.06 20:14:22 INFO  no build target found for C:\Users\Jacob\Downloads\progfun1-example\example\build.sbt. Using presentation compiler with project's scala-library version: 3.3.6
2026.01.06 20:14:22 WARN  no build target for: C:\Users\Jacob\Downloads\progfun1-example\example\build.sbt
2026.01.06 20:14:24 INFO  no build target found for C:\Users\Jacob\Downloads\progfun1-example\example\build.sbt. Using presentation compiler with project's scala-library version: 3.3.6
2026.01.06 20:14:24 WARN  Could not find semantic tokens for: file:///C:/Users/Jacob/Downloads/progfun1-example/example/build.sbt
2026.01.06 20:16:37 INFO  no build target found for C:\Users\Jacob\Downloads\progfun1-example\example\build.sbt. Using presentation compiler with project's scala-library version: 3.3.6
Jan 06, 2026 8:16:39 PM org.eclipse.lsp4j.jsonrpc.services.GenericEndpoint notify
INFO: Unsupported notification method: $/setTrace
2026.01.06 20:16:39 INFO  no build target found for C:\Users\Jacob\Downloads\progfun1-example\example\build.sbt. Using presentation compiler with project's scala-library version: 3.3.6
2026.01.06 20:16:59 INFO  no build target found for C:\Users\Jacob\Downloads\progfun1-example\example\build.sbt. Using presentation compiler with project's scala-library version: 3.3.6
2026.01.06 20:16:59 WARN  Could not find semantic tokens for: file:///C:/Users/Jacob/Downloads/progfun1-example/example/build.sbt
2026.01.06 20:18:51 INFO  no build target found for C:\Users\Jacob\Downloads\progfun1-example\example\build.sbt. Using presentation compiler with project's scala-library version: 3.3.6
2026.01.06 20:18:51 INFO  no build target found for C:\Users\Jacob\Downloads\progfun1-example\example\assignment.sbt. Using presentation compiler with project's scala-library version: 3.3.6
2026.01.06 20:18:51 WARN  no build target for: C:\Users\Jacob\Downloads\progfun1-example\example\assignment.sbt
2026.01.06 20:18:51 INFO  no build target found for C:\Users\Jacob\Downloads\progfun1-example\example\assignment.sbt. Using presentation compiler with project's scala-library version: 3.3.6
2026.01.06 20:18:51 INFO  no build target found for C:\Users\Jacob\Downloads\progfun1-example\example\assignment.sbt. Using presentation compiler with project's scala-library version: 3.3.6
2026.01.06 20:18:51 WARN  Could not find semantic tokens for: file:///C:/Users/Jacob/Downloads/progfun1-example/example/assignment.sbt
2026.01.06 20:18:52 INFO  no build target found for C:\Users\Jacob\Downloads\progfun1-example\example\assignment.sbt. Using presentation compiler with project's scala-library version: 3.3.6
2026.01.06 20:18:52 WARN  Could not find semantic tokens for: file:///C:/Users/Jacob/Downloads/progfun1-example/example/assignment.sbt
2026.01.06 20:18:53 INFO  no build target found for C:\Users\Jacob\Downloads\progfun1-example\example\assignment.sbt. Using presentation compiler with project's scala-library version: 3.3.6
2026.01.06 20:20:06 INFO  no build target found for C:\Users\Jacob\Downloads\progfun1-example\example\assignment.sbt. Using presentation compiler with project's scala-library version: 3.3.6
2026.01.06 20:20:06 INFO  compiling example (1 scala source)
2026.01.06 20:20:09 INFO  time: compiled example in 3.16s
Jan 06, 2026 8:31:06 PM org.eclipse.lsp4j.jsonrpc.RemoteEndpoint handleCancellation
WARNING: Unmatched cancel notification for request id 271
Exception in thread "pool-18-thread-1" java.lang.InterruptedException
	at scala.meta.internal.metals.FutureCancelToken.checkCanceled(FutureCancelToken.scala:29)
	at scala.meta.internal.pc.CompilerAccess.onCompilerJobQueue$$anonfun$1(CompilerAccess.scala:243)
	at scala.meta.internal.pc.CompilerJobQueue$Job.run(CompilerJobQueue.scala:152)
	at java.base/java.util.concurrent.ThreadPoolExecutor.runWorker(ThreadPoolExecutor.java:1136)
	at java.base/java.util.concurrent.ThreadPoolExecutor$Worker.run(ThreadPoolExecutor.java:635)
	at java.base/java.lang.Thread.run(Thread.java:840)
2026.01.06 20:58:42 INFO  compiling example (1 scala source)
2026.01.06 20:58:42 INFO  time: compiled example in 0.46s
2026.01.06 21:01:06 INFO  compiling example (1 scala source)
2026.01.06 21:01:06 INFO  time: compiled example in 0.52s
Exception in thread "pool-18-thread-2" java.lang.InterruptedException
	at scala.meta.internal.metals.FutureCancelToken.checkCanceled(FutureCancelToken.scala:29)
	at scala.meta.internal.pc.CompilerAccess.onCompilerJobQueue$$anonfun$1(CompilerAccess.scala:243)
	at scala.meta.internal.pc.CompilerJobQueue$Job.run(CompilerJobQueue.scala:152)
	at java.base/java.util.concurrent.ThreadPoolExecutor.runWorker(ThreadPoolExecutor.java:1136)
	at java.base/java.util.concurrent.ThreadPoolExecutor$Worker.run(ThreadPoolExecutor.java:635)
	at java.base/java.lang.Thread.run(Thread.java:840)
Exception in thread "pool-18-thread-3" java.lang.InterruptedException
	at scala.meta.internal.metals.FutureCancelToken.checkCanceled(FutureCancelToken.scala:29)
	at scala.meta.internal.pc.CompilerAccess.onCompilerJobQueue$$anonfun$1(CompilerAccess.scala:243)
	at scala.meta.internal.pc.CompilerJobQueue$Job.run(CompilerJobQueue.scala:152)
	at java.base/java.util.concurrent.ThreadPoolExecutor.runWorker(ThreadPoolExecutor.java:1136)
	at java.base/java.util.concurrent.ThreadPoolExecutor$Worker.run(ThreadPoolExecutor.java:635)
	at java.base/java.lang.Thread.run(Thread.java:840)
Jan 06, 2026 9:04:57 PM org.eclipse.lsp4j.jsonrpc.RemoteEndpoint handleCancellation
WARNING: Unmatched cancel notification for request id 830
2026.01.06 21:05:12 WARN  Could not load snapshot text for C:\Users\Jacob\Downloads\progfun1-example\example\src\main\scala\example\Lists.scala
2026.01.06 21:05:12 WARN  Could not load snapshot text for C:\Users\Jacob\Downloads\progfun1-example\example\src\main\scala\example\Lists.scala
Jan 06, 2026 9:05:12 PM org.eclipse.lsp4j.jsonrpc.RemoteEndpoint handleCancellation
WARNING: Unmatched cancel notification for request id 894
2026.01.06 21:05:12 WARN  Could not load snapshot text for C:\Users\Jacob\Downloads\progfun1-example\example\src\main\scala\example\Lists.scala
2026.01.06 21:05:12 WARN  Could not load snapshot text for C:\Users\Jacob\Downloads\progfun1-example\example\src\main\scala\example\Lists.scala
2026.01.06 21:05:12 INFO  compiling example (1 scala source)
2026.01.06 21:05:12 INFO  time: compiled example in 0.42s
2026.01.06 21:06:48 INFO  compiling example (1 scala source)
2026.01.06 21:06:48 INFO  time: compiled example in 0.38s
2026.01.06 21:08:48 INFO  compiling example (1 scala source)
2026.01.06 21:08:48 INFO  time: compiled example in 0.12s
Jan 06, 2026 9:09:25 PM org.eclipse.lsp4j.jsonrpc.RemoteEndpoint handleCancellation
WARNING: Unmatched cancel notification for request id 1176
2026.01.06 21:10:02 INFO  compiling example (1 scala source)
2026.01.06 21:10:02 INFO  time: compiled example in 0.61s
2026.01.06 21:10:57 INFO  compiling example-test (1 scala source)
2026.01.06 21:10:57 INFO  time: compiled example-test in 0.84s
Jan 06, 2026 9:15:37 PM org.eclipse.lsp4j.jsonrpc.RemoteEndpoint handleCancellation
WARNING: Unmatched cancel notification for request id 1422
Jan 06, 2026 9:19:29 PM org.eclipse.lsp4j.jsonrpc.RemoteEndpoint handleCancellation
WARNING: Unmatched cancel notification for request id 2099
2026.01.06 21:19:52 INFO  compiling example-test (1 scala source)
2026.01.06 21:19:52 INFO  time: compiled example-test in 0.71s
2026.01.06 21:20:43 INFO  compiling example-test (1 scala source)
2026.01.06 21:20:43 INFO  time: compiled example-test in 0.58s
Jan 06, 2026 9:30:05 PM org.eclipse.lsp4j.jsonrpc.services.GenericEndpoint notify
INFO: Unsupported notification method: $/setTrace
Jan 06, 2026 9:30:06 PM org.eclipse.lsp4j.jsonrpc.RemoteEndpoint handleCancellation
WARNING: Unmatched cancel notification for request id 2265
Jan 06, 2026 9:31:18 PM org.eclipse.lsp4j.jsonrpc.services.GenericEndpoint notify
INFO: Unsupported notification method: $/setTrace
